<?xml version="1.0" encoding="UTF-8"?>
<!-- Generated by org.testng.reporters.JUnitReportReporter -->
<testsuite hostname="PoojaPatange-PC" name="CitoolAutomationTesting.AnalyticsTvProgramGuideClass" tests="2" failures="0" timestamp="8 Oct 2018 10:11:20 GMT" time="358.782" errors="0">
  <testcase name="failTest" time="358.772" classname="CitoolAutomationTesting.AnalyticsTvProgramGuideClass"/>
  <testcase name="passTest" time="0.010" classname="CitoolAutomationTesting.AnalyticsTvProgramGuideClass"/>
</testsuite> <!-- CitoolAutomationTesting.AnalyticsTvProgramGuideClass -->
