<?xml version="1.0" encoding="UTF-8"?>
<!-- Generated by org.testng.reporters.JUnitReportReporter -->
<testsuite hostname="PoojaPatange-PC" name="CitoolAutomationTesting.Catalogue_Products" tests="2" failures="0" timestamp="13 Nov 2018 08:26:03 GMT" time="153.552" errors="0">
  <testcase name="failTest" time="153.539" classname="CitoolAutomationTesting.Catalogue_Products"/>
  <testcase name="passTest" time="0.013" classname="CitoolAutomationTesting.Catalogue_Products"/>
</testsuite> <!-- CitoolAutomationTesting.Catalogue_Products -->
