<?xml version="1.0" encoding="UTF-8"?>
<!-- Generated by org.testng.reporters.JUnitReportReporter -->
<testsuite hostname="PoojaPatange-PC" name="CitoolAutomationTesting.Analytics_EcommerceAction" tests="2" failures="0" timestamp="13 Nov 2018 08:18:46 GMT" time="70.808" errors="0">
  <testcase name="failTest" time="70.795" classname="CitoolAutomationTesting.Analytics_EcommerceAction"/>
  <testcase name="passTest" time="0.013" classname="CitoolAutomationTesting.Analytics_EcommerceAction"/>
</testsuite> <!-- CitoolAutomationTesting.Analytics_EcommerceAction -->
