<?xml version="1.0" encoding="UTF-8"?>
<!-- Generated by org.testng.reporters.JUnitReportReporter -->
<testsuite hostname="PoojaPatange-PC" name="CitoolAutomationTesting.AnalyticsShowPerformance" tests="2" failures="0" timestamp="8 Oct 2018 10:17:39 GMT" time="120.543" errors="0">
  <testcase name="failTest" time="120.539" classname="CitoolAutomationTesting.AnalyticsShowPerformance"/>
  <testcase name="passTest" time="0.004" classname="CitoolAutomationTesting.AnalyticsShowPerformance"/>
</testsuite> <!-- CitoolAutomationTesting.AnalyticsShowPerformance -->
