<?xml version="1.0" encoding="UTF-8"?>
<!-- Generated by org.testng.reporters.JUnitReportReporter -->
<testsuite hostname="PoojaPatange-PC" name="CitoolAutomationTesting.Quality_CallEvaluation" tests="2" failures="0" timestamp="8 Nov 2018 13:42:59 GMT" time="140.466" errors="0">
  <testcase name="failTest" time="140.456" classname="CitoolAutomationTesting.Quality_CallEvaluation"/>
  <testcase name="passTest" time="0.010" classname="CitoolAutomationTesting.Quality_CallEvaluation"/>
</testsuite> <!-- CitoolAutomationTesting.Quality_CallEvaluation -->
