<?xml version="1.0" encoding="UTF-8"?>
<!-- Generated by org.testng.reporters.JUnitReportReporter -->
<testsuite hostname="PoojaPatange-PC" name="CitoolAutomationTesting.CallCenterTools_AramexOutlets" tests="2" failures="0" timestamp="13 Nov 2018 08:29:38 GMT" time="41.537" errors="0">
  <testcase name="failTest" time="41.524" classname="CitoolAutomationTesting.CallCenterTools_AramexOutlets"/>
  <testcase name="passTest" time="0.013" classname="CitoolAutomationTesting.CallCenterTools_AramexOutlets"/>
</testsuite> <!-- CitoolAutomationTesting.CallCenterTools_AramexOutlets -->
