<?xml version="1.0" encoding="UTF-8"?>
<!-- Generated by org.testng.reporters.JUnitReportReporter -->
<testsuite hostname="PoojaPatange-PC" name="CitoolAutomationTesting.Analytics_TvProgramGuide" tests="2" failures="0" timestamp="13 Nov 2018 07:54:01 GMT" time="341.901" errors="0">
  <testcase name="failTest" time="341.888" classname="CitoolAutomationTesting.Analytics_TvProgramGuide"/>
  <testcase name="passTest" time="0.013" classname="CitoolAutomationTesting.Analytics_TvProgramGuide"/>
</testsuite> <!-- CitoolAutomationTesting.Analytics_TvProgramGuide -->
