<?xml version="1.0" encoding="UTF-8"?>
<!-- Generated by org.testng.reporters.JUnitReportReporter -->
<testsuite hostname="PoojaPatange-PC" name="CitoolAutomationTesting.AnalyticsShowPerformance" tests="2" failures="0" timestamp="16 Oct 2018 08:38:51 GMT" time="594.743" errors="0">
  <testcase name="passTest" time="0.014" classname="CitoolAutomationTesting.AnalyticsShowPerformance"/>
  <testcase name="failTest" time="594.729" classname="CitoolAutomationTesting.AnalyticsShowPerformance"/>
</testsuite> <!-- CitoolAutomationTesting.AnalyticsShowPerformance -->
