<?xml version="1.0" encoding="UTF-8"?>
<!-- Generated by org.testng.reporters.JUnitReportReporter -->
<testsuite hostname="PoojaPatange-PC" name="CitoolAutomationTesting.OrderDelivery_DriverDashboard" tests="2" failures="0" timestamp="8 Nov 2018 12:13:07 GMT" time="96.601" errors="0">
  <testcase name="passTest" time="0.017" classname="CitoolAutomationTesting.OrderDelivery_DriverDashboard"/>
  <testcase name="failTest" time="96.584" classname="CitoolAutomationTesting.OrderDelivery_DriverDashboard"/>
</testsuite> <!-- CitoolAutomationTesting.OrderDelivery_DriverDashboard -->
