<?xml version="1.0" encoding="UTF-8"?>
<!-- Generated by org.testng.reporters.JUnitReportReporter -->
<testsuite hostname="PoojaPatange-PC" name="CitoolAutomationTesting.OpertionsArea_AramexTracking" tests="2" failures="0" timestamp="7 Nov 2018 13:16:55 GMT" time="105.582" errors="0">
  <testcase name="passTest" time="0.006" classname="CitoolAutomationTesting.OpertionsArea_AramexTracking"/>
  <testcase name="failTest" time="105.576" classname="CitoolAutomationTesting.OpertionsArea_AramexTracking"/>
</testsuite> <!-- CitoolAutomationTesting.OpertionsArea_AramexTracking -->
