<?xml version="1.0" encoding="UTF-8"?>
<!-- Generated by org.testng.reporters.JUnitReportReporter -->
<testsuite hostname="PoojaPatange-PC" name="CitoolAutomationTesting.TvProgramGuideClass" tests="2" failures="0" timestamp="4 Oct 2018 10:28:04 GMT" time="360.912" errors="0">
  <testcase name="failTest" time="360.896" classname="CitoolAutomationTesting.TvProgramGuideClass"/>
  <testcase name="passTest" time="0.016" classname="CitoolAutomationTesting.TvProgramGuideClass"/>
</testsuite> <!-- CitoolAutomationTesting.TvProgramGuideClass -->
