<?xml version="1.0" encoding="UTF-8"?>
<!-- Generated by org.testng.reporters.JUnitReportReporter -->
<testsuite name="CitoolAutomationTesting.OpertionsArea_AramexTracking" tests="2" time="104.950" ignored="0" failures="0" timestamp="14 Nov 2018 10:48:07 GMT" skipped="0" hostname="PoojaPatange-PC" errors="0">
  <testcase name="passTest" time="0.005" classname="CitoolAutomationTesting.OpertionsArea_AramexTracking"/>
  <testcase name="failTest" time="104.945" classname="CitoolAutomationTesting.OpertionsArea_AramexTracking"/>
</testsuite> <!-- CitoolAutomationTesting.OpertionsArea_AramexTracking -->
