<?xml version="1.0" encoding="UTF-8"?>
<!-- Generated by org.testng.reporters.JUnitReportReporter -->
<testsuite name="CitoolAutomationTesting.AramexOutletsClass" tests="2" time="41.615" ignored="0" failures="0" timestamp="10 Oct 2018 08:38:34 GMT" skipped="0" hostname="PoojaPatange-PC" errors="0">
  <testcase name="failTest" time="41.612" classname="CitoolAutomationTesting.AramexOutletsClass"/>
  <testcase name="passTest" time="0.003" classname="CitoolAutomationTesting.AramexOutletsClass"/>
</testsuite> <!-- CitoolAutomationTesting.AramexOutletsClass -->
